<?xml version="1.0" encoding="UTF-8"?>
<!-- Generated by org.testng.reporters.JUnitReportReporter -->
<testsuite hostname="Aniket-Bankar" failures="0" tests="1" name="com.qa.parking.tests.SubscriptionsReservation" time="41.714" errors="0" timestamp="2024-07-01T14:04:49 IST" skipped="0">
  <testcase classname="com.qa.parking.tests.SubscriptionsReservation" name="verifySubscriptionsFlowForLoggedInUser" time="41.714"/>
</testsuite> <!-- com.qa.parking.tests.SubscriptionsReservation -->
