<?xml version="1.0" encoding="UTF-8"?>
<!-- Generated by org.testng.reporters.JUnitReportReporter -->
<testsuite hostname="Aniket-Bankar" failures="0" tests="1" name="com.qa.parking.tests.LoggedInUserReservation" time="32.415" errors="0" timestamp="2024-07-01T13:57:09 IST" skipped="0">
  <testcase classname="com.qa.parking.tests.LoggedInUserReservation" name="verifyLoggedInUserReservationFlow" time="32.415"/>
</testsuite> <!-- com.qa.parking.tests.LoggedInUserReservation -->
