<?xml version="1.0" encoding="UTF-8"?>
<!-- Generated by org.testng.reporters.JUnitReportReporter -->
<testsuite hostname="Aniket-Bankar" failures="0" tests="1" name="com.qa.parking.tests.GuestUserReservation" time="28.606" errors="0" timestamp="2024-07-11T08:21:55 IST" skipped="0">
  <testcase classname="com.qa.parking.tests.GuestUserReservation" name="verifyTheGuestUserReservationFlow" time="28.606"/>
</testsuite> <!-- com.qa.parking.tests.GuestUserReservation -->
